\BOOKMARK [0][-]{chapter*.2}{Agradecimientos}{}% 1
\BOOKMARK [1][-]{chapter*.3}{Resumen}{chapter*.2}% 2
\BOOKMARK [0][-]{chapter*.4}{Lista de figuras}{}% 3
\BOOKMARK [0][-]{chapter*.5}{Lista de tablas}{}% 4
\BOOKMARK [0][-]{chapter.1}{Introducci\363n}{}% 5
\BOOKMARK [1][-]{section.1.1}{Planteamiento del problema}{chapter.1}% 6
\BOOKMARK [1][-]{section.1.2}{Justificaci\363n}{chapter.1}% 7
\BOOKMARK [1][-]{section.1.3}{Objetivos}{chapter.1}% 8
\BOOKMARK [2][-]{subsection.1.3.1}{General}{section.1.3}% 9
\BOOKMARK [2][-]{subsection.1.3.2}{Espec\355ficos}{section.1.3}% 10
\BOOKMARK [1][-]{section.1.4}{Hip\363tesis}{chapter.1}% 11
\BOOKMARK [0][-]{chapter.2}{Marco Te\363rico}{}% 12
\BOOKMARK [1][-]{section.2.1}{Antecedentes}{chapter.2}% 13
\BOOKMARK [2][-]{subsection.2.1.1}{Projection mapping}{section.2.1}% 14
\BOOKMARK [2][-]{subsection.2.1.2}{Spatial Augmented Reality}{section.2.1}% 15
\BOOKMARK [1][-]{section.2.2}{Estado del arte}{chapter.2}% 16
\BOOKMARK [0][-]{chapter.3}{Dise\361o}{}% 17
\BOOKMARK [0][-]{chapter.4}{Implementaci\363n y resultados}{}% 18
\BOOKMARK [0][-]{chapter.5}{Conclusiones}{}% 19
\BOOKMARK [1][-]{section.5.1}{Trabajo Futuro}{chapter.5}% 20
\BOOKMARK [0][-]{section.5.1}{Bibliograf\355a}{}% 21
